# JRE version: Java(TM) SE Runtime Environment (21.0.3+7) (build 21.0.3+7-LTS-152)
# Java VM: Java HotSpot(TM) 64-Bit Server VM (21.0.3+7-LTS-152, mixed mode, emulated-client, sharing, tiered, compressed oops, compressed class ptrs, g1 gc, windows-amd64)
GC Precious Log:
 CardTable entry size: 512
 Card Set container configuration: InlinePtr #cards 4 size 8 Array Of Cards #cards 32 size 80 Howl #buckets 8 coarsen threshold 7372 Howl Bitmap #cards 1024 size 144 coarsen threshold 921 Card regions per heap region 1 cards per card region 8192
 CPUs: 16 total, 16 available
 Memory: 32692M
 Large Page Support: Disabled
 NUMA Support: Disabled
 Compressed Oops: Enabled (Zero based)
 Heap Region Size: 4M
 Heap Min Capacity: 8M
 Heap Initial Capacity: 512M
 Heap Max Capacity: 8176M
 Pre-touch: Disabled
 Parallel Workers: 13
 Concurrent Workers: 3
 Concurrent Refinement Workers: 13
 Periodic GC: Disabled
Heap:
 garbage-first heap   total 221184K, used 104805K [0x0000000601000000, 0x0000000800000000)
  region size 4096K, 16 young (65536K), 3 survivors (12288K)
 Metaspace       used 106460K, committed 107520K, reserved 1179648K
  class space    used 14438K, committed 14912K, reserved 1048576K
GC Heap History (20 events):
Event: 4.399 GC heap before
{Heap before GC invocations=6 (full 0):
 garbage-first heap   total 69632K, used 21376K [0x0000000601000000, 0x0000000800000000)
  region size 4096K, 4 young (16384K), 2 survivors (8192K)
 Metaspace       used 26966K, committed 27328K, reserved 1114112K
  class space    used 3387K, committed 3584K, reserved 1048576K
}
Event: 4.404 GC heap after
{Heap after GC invocations=7 (full 0):
 garbage-first heap   total 69632K, used 17954K [0x0000000601000000, 0x0000000800000000)
  region size 4096K, 2 young (8192K), 2 survivors (8192K)
 Metaspace       used 26966K, committed 27328K, reserved 1114112K
  class space    used 3387K, committed 3584K, reserved 1048576K
}
Event: 5.015 GC heap before
{Heap before GC invocations=8 (full 0):
 garbage-first heap   total 69632K, used 50722K [0x0000000601000000, 0x0000000800000000)
  region size 4096K, 10 young (40960K), 2 survivors (8192K)
 Metaspace       used 30056K, committed 30400K, reserved 1114112K
  class space    used 3820K, committed 3968K, reserved 1048576K
}
Event: 5.023 GC heap after
{Heap after GC invocations=9 (full 0):
 garbage-first heap   total 299008K, used 20566K [0x0000000601000000, 0x0000000800000000)
  region size 4096K, 2 young (8192K), 2 survivors (8192K)
 Metaspace       used 30056K, committed 30400K, reserved 1114112K
  class space    used 3820K, committed 3968K, reserved 1048576K
}
Event: 8.213 GC heap before
{Heap before GC invocations=9 (full 0):
 garbage-first heap   total 299008K, used 143446K [0x0000000601000000, 0x0000000800000000)
  region size 4096K, 33 young (135168K), 2 survivors (8192K)
 Metaspace       used 43501K, committed 44032K, reserved 1114112K
  class space    used 5649K, committed 5888K, reserved 1048576K
}
Event: 8.229 GC heap after
{Heap after GC invocations=10 (full 0):
 garbage-first heap   total 299008K, used 28661K [0x0000000601000000, 0x0000000800000000)
  region size 4096K, 4 young (16384K), 4 survivors (16384K)
 Metaspace       used 43501K, committed 44032K, reserved 1114112K
  class space    used 5649K, committed 5888K, reserved 1048576K
}
Event: 9.477 GC heap before
{Heap before GC invocations=11 (full 0):
 garbage-first heap   total 122880K, used 86005K [0x0000000601000000, 0x0000000800000000)
  region size 4096K, 18 young (73728K), 4 survivors (16384K)
 Metaspace       used 49447K, committed 50048K, reserved 1114112K
  class space    used 6505K, committed 6784K, reserved 1048576K
}
Event: 9.490 GC heap after
{Heap after GC invocations=12 (full 0):
 garbage-first heap   total 122880K, used 31152K [0x0000000601000000, 0x0000000800000000)
  region size 4096K, 1 young (4096K), 1 survivors (4096K)
 Metaspace       used 49447K, committed 50048K, reserved 1114112K
  class space    used 6505K, committed 6784K, reserved 1048576K
}
Event: 11.840 GC heap before
{Heap before GC invocations=12 (full 0):
 garbage-first heap   total 122880K, used 96688K [0x0000000601000000, 0x0000000800000000)
  region size 4096K, 17 young (69632K), 1 survivors (4096K)
 Metaspace       used 63795K, committed 64448K, reserved 1114112K
  class space    used 8482K, committed 8768K, reserved 1048576K
}
Event: 11.850 GC heap after
{Heap after GC invocations=13 (full 0):
 garbage-first heap   total 122880K, used 34475K [0x0000000601000000, 0x0000000800000000)
  region size 4096K, 2 young (8192K), 2 survivors (8192K)
 Metaspace       used 63795K, committed 64448K, reserved 1114112K
  class space    used 8482K, committed 8768K, reserved 1048576K
}
Event: 13.192 GC heap before
{Heap before GC invocations=13 (full 0):
 garbage-first heap   total 122880K, used 91819K [0x0000000601000000, 0x0000000800000000)
  region size 4096K, 17 young (69632K), 2 survivors (8192K)
 Metaspace       used 72180K, committed 72896K, reserved 1114112K
  class space    used 9814K, committed 10112K, reserved 1048576K
}
Event: 13.201 GC heap after
{Heap after GC invocations=14 (full 0):
 garbage-first heap   total 122880K, used 36186K [0x0000000601000000, 0x0000000800000000)
  region size 4096K, 2 young (8192K), 2 survivors (8192K)
 Metaspace       used 72180K, committed 72896K, reserved 1114112K
  class space    used 9814K, committed 10112K, reserved 1048576K
}
Event: 18.770 GC heap before
{Heap before GC invocations=15 (full 0):
 garbage-first heap   total 122880K, used 101722K [0x0000000601000000, 0x0000000800000000)
  region size 4096K, 18 young (73728K), 2 survivors (8192K)
 Metaspace       used 78842K, committed 79552K, reserved 1179648K
  class space    used 10758K, committed 11072K, reserved 1048576K
}
Event: 18.781 GC heap after
{Heap after GC invocations=16 (full 0):
 garbage-first heap   total 122880K, used 40482K [0x0000000601000000, 0x0000000800000000)
  region size 4096K, 3 young (12288K), 3 survivors (12288K)
 Metaspace       used 78842K, committed 79552K, reserved 1179648K
  class space    used 10758K, committed 11072K, reserved 1048576K
}
Event: 19.676 GC heap before
{Heap before GC invocations=16 (full 0):
 garbage-first heap   total 122880K, used 97826K [0x0000000601000000, 0x0000000800000000)
  region size 4096K, 17 young (69632K), 3 survivors (12288K)
 Metaspace       used 85895K, committed 86656K, reserved 1179648K
  class space    used 11472K, committed 11840K, reserved 1048576K
}
Event: 19.701 GC heap after
{Heap after GC invocations=17 (full 0):
 garbage-first heap   total 122880K, used 45430K [0x0000000601000000, 0x0000000800000000)
  region size 4096K, 3 young (12288K), 3 survivors (12288K)
 Metaspace       used 85895K, committed 86656K, reserved 1179648K
  class space    used 11472K, committed 11840K, reserved 1048576K
}
Event: 20.500 GC heap before
{Heap before GC invocations=17 (full 0):
 garbage-first heap   total 122880K, used 98678K [0x0000000601000000, 0x0000000800000000)
  region size 4096K, 16 young (65536K), 3 survivors (12288K)
 Metaspace       used 89149K, committed 89856K, reserved 1179648K
  class space    used 11886K, committed 12224K, reserved 1048576K
}
Event: 20.515 GC heap after
{Heap after GC invocations=18 (full 0):
 garbage-first heap   total 323584K, used 48783K [0x0000000601000000, 0x0000000800000000)
  region size 4096K, 1 young (4096K), 1 survivors (4096K)
 Metaspace       used 89149K, committed 89856K, reserved 1179648K
  class space    used 11886K, committed 12224K, reserved 1048576K
}
Event: 23.888 GC heap before
{Heap before GC invocations=18 (full 0):
 garbage-first heap   total 323584K, used 204431K [0x0000000601000000, 0x0000000800000000)
  region size 4096K, 40 young (163840K), 1 survivors (4096K)
 Metaspace       used 96821K, committed 97664K, reserved 1179648K
  class space    used 13064K, committed 13440K, reserved 1048576K
}
Event: 23.904 GC heap after
{Heap after GC invocations=19 (full 0):
 garbage-first heap   total 323584K, used 55653K [0x0000000601000000, 0x0000000800000000)
  region size 4096K, 3 young (12288K), 3 survivors (12288K)
 Metaspace       used 96821K, committed 97664K, reserved 1179648K
  class space    used 13064K, committed 13440K, reserved 1048576K
}

